timestamp: 2017-02-04T20:27:42.786235
CREATE TABLE auth_user(
    id INTEGER PRIMARY KEY AUTOINCREMENT,
    first_name CHAR(128),
    last_name CHAR(128),
    email CHAR(512),
    password CHAR(512),
    registration_key CHAR(512),
    reset_password_key CHAR(512),
    registration_id CHAR(512)
);
success!
timestamp: 2017-02-04T20:27:42.796388
CREATE TABLE auth_group(
    id INTEGER PRIMARY KEY AUTOINCREMENT,
    role CHAR(512),
    description TEXT
);
success!
timestamp: 2017-02-04T20:27:42.809489
CREATE TABLE auth_membership(
    id INTEGER PRIMARY KEY AUTOINCREMENT,
    user_id INTEGER REFERENCES auth_user (id) ON DELETE CASCADE  ,
    group_id INTEGER REFERENCES auth_group (id) ON DELETE CASCADE  
);
success!
timestamp: 2017-02-04T20:27:42.815024
CREATE TABLE auth_permission(
    id INTEGER PRIMARY KEY AUTOINCREMENT,
    group_id INTEGER REFERENCES auth_group (id) ON DELETE CASCADE  ,
    name CHAR(512),
    table_name CHAR(512),
    record_id INTEGER
);
success!
timestamp: 2017-02-04T20:27:42.831600
CREATE TABLE auth_event(
    id INTEGER PRIMARY KEY AUTOINCREMENT,
    time_stamp TIMESTAMP,
    client_ip CHAR(512),
    user_id INTEGER REFERENCES auth_user (id) ON DELETE CASCADE  ,
    origin CHAR(512),
    description TEXT
);
success!
timestamp: 2017-02-04T20:27:42.842018
CREATE TABLE auth_cas(
    id INTEGER PRIMARY KEY AUTOINCREMENT,
    user_id INTEGER REFERENCES auth_user (id) ON DELETE CASCADE  ,
    created_on TIMESTAMP,
    service CHAR(512),
    ticket CHAR(512),
    renew CHAR(1)
);
success!
timestamp: 2017-02-04T22:26:07.665933
CREATE TABLE url_ssllabs(
    id INTEGER PRIMARY KEY AUTOINCREMENT,
    url TEXT UNIQUE,
    grade CHAR(512),
    lastscan TIMESTAMP
);
success!
timestamp: 2017-02-06T15:00:32.113448
CREATE TABLE us_ips(
    id INTEGER PRIMARY KEY AUTOINCREMENT,
    ip_address TEXT UNIQUE,
    open_port TEXT
);
success!
timestamp: 2017-02-06T20:07:02.862984
ALTER TABLE us_ips ADD datetime TIMESTAMP;
success!
success!
timestamp: 2017-02-20T07:44:14.474963
ALTER TABLE us_ips ADD dns TEXT UNIQUE;
timestamp: 2017-02-20T07:45:09.861744
ALTER TABLE us_ips ADD dns TEXT;
success!
